<?xml version="1.0" encoding="UTF-8"?>
<testng-results skipped="0" failed="0" total="1" passed="1">
  <reporter-output>
  </reporter-output>
  <suite name="Default suite" duration-ms="1740" started-at="2018-04-26T13:34:00Z" finished-at="2018-04-26T13:34:02Z">
    <groups>
      <group name="cucumber">
        <method signature="AbstractTestNGCucumberTests.feature(cucumber.api.testng.CucumberFeatureWrapper)[pri:0, instance:com.cucumber.runner.TestNGCukesRunner@1caeb3e]" name="feature" class="cucumber.api.testng.AbstractTestNGCucumberTests"/>
      </group> <!-- cucumber -->
    </groups>
    <test name="Default test" duration-ms="1740" started-at="2018-04-26T13:34:00Z" finished-at="2018-04-26T13:34:02Z">
      <class name="com.cucumber.runner.TestNGCukesRunner">
        <test-method status="PASS" signature="setUpClass()[pri:0, instance:com.cucumber.runner.TestNGCukesRunner@1caeb3e]" name="setUpClass" is-config="true" duration-ms="601" started-at="2018-04-26T19:04:00Z" finished-at="2018-04-26T19:04:01Z">
          <reporter-output>
          </reporter-output>
        </test-method> <!-- setUpClass -->
        <test-method status="PASS" signature="setup()[pri:0, instance:com.cucumber.runner.TestNGCukesRunner@1caeb3e]" name="setup" is-config="true" duration-ms="2" started-at="2018-04-26T19:04:01Z" finished-at="2018-04-26T19:04:01Z">
          <reporter-output>
          </reporter-output>
        </test-method> <!-- setup -->
        <test-method status="PASS" signature="feature(cucumber.api.testng.CucumberFeatureWrapper)[pri:0, instance:com.cucumber.runner.TestNGCukesRunner@1caeb3e]" name="feature" duration-ms="551" started-at="2018-04-26T19:04:01Z" description="Runs Cucumber Feature" data-provider="features" finished-at="2018-04-26T19:04:02Z">
          <params>
            <param index="0">
              <value>
                <![CDATA[My First Feature]]>
              </value>
            </param>
          </params>
          <reporter-output>
          </reporter-output>
        </test-method> <!-- feature -->
        <test-method status="PASS" signature="teardown()[pri:0, instance:com.cucumber.runner.TestNGCukesRunner@1caeb3e]" name="teardown" is-config="true" duration-ms="23" started-at="2018-04-26T19:04:02Z" finished-at="2018-04-26T19:04:02Z">
          <reporter-output>
          </reporter-output>
        </test-method> <!-- teardown -->
        <test-method status="PASS" signature="tearDownClass()[pri:0, instance:com.cucumber.runner.TestNGCukesRunner@1caeb3e]" name="tearDownClass" is-config="true" duration-ms="429" started-at="2018-04-26T19:04:02Z" finished-at="2018-04-26T19:04:02Z">
          <reporter-output>
          </reporter-output>
        </test-method> <!-- tearDownClass -->
      </class> <!-- com.cucumber.runner.TestNGCukesRunner -->
    </test> <!-- Default test -->
  </suite> <!-- Default suite -->
</testng-results>
